<?xml version="1.0" encoding="UTF-8"?>
<testng-results ignored="0" total="1" passed="1" failed="0" skipped="0">
  <reporter-output>
  </reporter-output>
  <suite started-at="2026-06-15T13:51:33 UTC" name="Surefire suite" finished-at="2026-06-15T13:52:00 UTC" duration-ms="27034">
    <groups>
    </groups>
    <test started-at="2026-06-15T13:51:33 UTC" name="Surefire test" finished-at="2026-06-15T13:52:00 UTC" duration-ms="27034">
      <class name="com.test.GoogleTest">
        <test-method signature="openGoogle()[pri:0, instance:com.test.GoogleTest@568bf312]" started-at="2026-06-15T13:51:33 UTC" name="openGoogle" finished-at="2026-06-15T13:52:00 UTC" duration-ms="26971" status="PASS">
          <reporter-output>
          </reporter-output>
        </test-method> <!-- openGoogle -->
      </class> <!-- com.test.GoogleTest -->
    </test> <!-- Surefire test -->
  </suite> <!-- Surefire suite -->
</testng-results>
